<?xml version="1.0" encoding="UTF-8" standalone="no"?><testsuite errors="1" failures="0" name="Evalart" skipped="0" tests="1" time="46.19" timestamp="2022-10-20 10:55:22"><testcase name="Verificar que al seleccionar una coordenada se seleccione el boton correcto"><error message="For input string: &quot;&quot;" type="java.lang.AssertionError">For input string: ""</error><system-err>For input string: ""&#13;
tcs.stepsDefinitions.EvalartStepsDefinitions.elVerificaQueElBotonSeaElCorrecto(EvalartStepsDefinitions.java:39)&#13;
✽.el verifica que el boton sea el correcto(file:///C:/Users/jhona/IdeaProjects/RetoAutomatizacionEvalart/src/test/resources/features/evalart.feature:20)&#13;
</system-err></testcase></testsuite>